This is LuaTeX, Version 1.10.0 (MiKTeX 2.9.7050)  (format=lualatex 2019.8.28)  29 AUG 2019 08:45
 restricted system commands enabled.
**cv.tex
(./cv.tex
LaTeX2e <2018-12-01>
Lua module: luaotfload-main 2019-08-11 2.991 luaotfload entry point
Lua module: luaotfload-init 2019-08-11 2.991 luaotfload submodule / initializati
on
Lua module: lualibs 2019-08-11 2.67 ConTeXt Lua standard libraries.
Lua module: lualibs-extended 2019-08-11 2.67 ConTeXt Lua libraries -- extended c
ollection.
Lua module: luaotfload-log 2019-08-11 2.991 luaotfload submodule / logging
Lua module: luaotfload-parsers 2019-08-11 2.991 luaotfload submodule / filelist
Lua module: luaotfload-configuration 2019-08-11 2.991 luaotfload submodule / con
fig file reader
luaotfload | conf : Root cache directory is /Users/omidkarimpour/Library/Applica
tion Support/MiKTeX/texmfs/data/luatex-cache/generic/names.
luaotfload | init : Loading fontloader “fontloader-2019-08-11.lua” from kpse
-resolved path “/Users/omidkarimpour/Library/Application Support/MiKTeX/texmfs
/install/tex/luatex/luaotfload/fontloader-2019-08-11.lua”.
Lua-only attribute luaotfload@state = 2
Lua-only attribute luaotfload@noligature = 3
Lua-only attribute luaotfload@syllabe = 4
luaotfload | init : Context OpenType loader version “3.109”
Inserting `luaotfload.node_processor' at position 1 in `pre_linebreak_filter'.
Inserting `luaotfload.node_processor' at position 1 in `hpack_filter'.
Lua module: luaotfload-loaders 2019-08-11 2.991 luaotfload submodule / callback 
handling
Inserting `luaotfload.define_font' at position 1 in `define_font'.
Lua module: luaotfload-database 2019-08-11 2.991 luaotfload submodule / database
Lua module: luaotfload-unicode 2019-08-11 2.991 luaotfload submodule / Unicode h
elpers
Lua module: luaotfload-colors 2019-08-11 2.991 luaotfload submodule / color
Lua-only attribute luaotfload_color_attribute = 5
Lua module: luaotfload-resolvers 2019-08-11 2.991 luaotfload submodule / resolve
rs
luaotfload | conf : Root cache directory is /Users/omidkarimpour/Library/Applica
tion Support/MiKTeX/texmfs/data/luatex-cache/generic/names.
Lua module: luaotfload-features 2019-08-11 2.991 luaotfload submodule / features
Lua module: luaotfload-letterspace 2019-08-11 2.991 luaotfload submodule / color
Lua module: luaotfload-embolden 2019-08-11 2.991 luaotfload submodule / color
Lua module: luaotfload-notdef 2019-08-11 2.991 luaotfload submodule / color
Lua module: luaotfload-auxiliary 2019-08-11 2.991 luaotfload submodule / auxilia
ry functions
Inserting `luaotfload.aux.set_sscale_dimens' at position 1 in `luaotfload.patch_
font'.
Inserting `luaotfload.aux.patch_cambria_domh' at position 2 in `luaotfload.patch
_font'.
Inserting `luaotfload.aux.fixup_fontdata' at position 1 in `luaotfload.patch_fon
t_unsafe'.
Inserting `luaotfload.aux.set_capheight' at position 3 in `luaotfload.patch_font
'.
Inserting `luaotfload.aux.set_xheight' at position 4 in `luaotfload.patch_font'.
Inserting `luaotfload.rewrite_fontname' at position 5 in `luaotfload.patch_font'
.
luaotfload | main : initialization completed in 0.162 seconds
(./awesome-cv.cls
Document Class: awesome-cv 2016/01/30 v1.5 Awesome Curriculum Vitae Class

("/Users/omidkarimpour/Library/Application Support/MiKTeX/texmfs/install/tex/la
tex/base/article.cls"
Document Class: article 2018/09/03 v1.4i Standard LaTeX document class

("/Users/omidkarimpour/Library/Application Support/MiKTeX/texmfs/install/tex/la
tex/base/size11.clo"
File: size11.clo 2018/09/03 v1.4i Standard LaTeX file (size option)
luaotfload | db : Font names database loaded from /Users/omidkarimpour/Library/A
pplication Support/MiKTeX/texmfs/data/luatex-cache/generic/names/luaotfload-name
s.luc)
\c@part=\count80
\c@section=\count81
\c@subsection=\count82
\c@subsubsection=\count83
\c@paragraph=\count84
\c@subparagraph=\count85
\c@figure=\count86
\c@table=\count87
\abovecaptionskip=\skip41
\belowcaptionskip=\skip42
\bibindent=\dimen102
)
("/Users/omidkarimpour/Library/Application Support/MiKTeX/texmfs/install/tex/la
tex/tools/array.sty"
Package: array 2018/12/30 v2.4k Tabular extension package (FMi)
\col@sep=\dimen103
\ar@mcellbox=\box27
\extrarowheight=\dimen104
\NC@list=\toks14
\extratabsurround=\skip43
\backup@length=\skip44
\ar@cellbox=\box28
)
("/Users/omidkarimpour/Library/Application Support/MiKTeX/texmfs/install/tex/la
tex/enumitem/enumitem.sty"
Package: enumitem 2019/06/20 v3.9 Customized lists
\enitkv@toks@=\toks15
\labelindent=\skip45
\enit@outerparindent=\dimen105
\enit@toks=\toks16
\enit@inbox=\box29
\enit@count@id=\count88
\enitdp@description=\count89
)
("/Users/omidkarimpour/Library/Application Support/MiKTeX/texmfs/install/tex/la
tex/ragged2e/ragged2e.sty"
Package: ragged2e 2019/07/28 v2.2 ragged2e Package (MS)

("/Users/omidkarimpour/Library/Application Support/MiKTeX/texmfs/install/tex/la
tex/ms/everysel.sty"
Package: everysel 2011/10/28 v1.2 EverySelectfont Package (MS)
)
\CenteringLeftskip=\skip46
\RaggedLeftLeftskip=\skip47
\RaggedRightLeftskip=\skip48
\CenteringRightskip=\skip49
\RaggedLeftRightskip=\skip50
\RaggedRightRightskip=\skip51
\CenteringParfillskip=\skip52
\RaggedLeftParfillskip=\skip53
\RaggedRightParfillskip=\skip54
\JustifyingParfillskip=\skip55
\CenteringParindent=\skip56
\RaggedLeftParindent=\skip57
\RaggedRightParindent=\skip58
\JustifyingParindent=\skip59
)
("/Users/omidkarimpour/Library/Application Support/MiKTeX/texmfs/install/tex/la
tex/geometry/geometry.sty"
Package: geometry 2018/04/16 v5.8 Page Geometry

("/Users/omidkarimpour/Library/Application Support/MiKTeX/texmfs/install/tex/la
tex/graphics/keyval.sty"
Package: keyval 2014/10/28 v1.15 key=value parser (DPC)
\KV@toks@=\toks17
)
("/Users/omidkarimpour/Library/Application Support/MiKTeX/texmfs/install/tex/ge
neric/oberdiek/ifpdf.sty"
Package: ifpdf 2018/09/07 v3.3 Provides the ifpdf switch
)
("/Users/omidkarimpour/Library/Application Support/MiKTeX/texmfs/install/tex/ge
neric/oberdiek/ifvtex.sty"
Package: ifvtex 2016/05/16 v1.6 Detect VTeX and its facilities (HO)
Package ifvtex Info: VTeX not detected.
)
("/Users/omidkarimpour/Library/Application Support/MiKTeX/texmfs/install/tex/ge
neric/ifxetex/ifxetex.sty"
Package: ifxetex 2010/09/12 v0.6 Provides ifxetex conditional
)
\Gm@cnth=\count90
\Gm@cntv=\count91
\c@Gm@tempcnt=\count92
\Gm@bindingoffset=\dimen106
\Gm@wd@mp=\dimen107
\Gm@odd@mp=\dimen108
\Gm@even@mp=\dimen109
\Gm@layoutwidth=\dimen110
\Gm@layoutheight=\dimen111
\Gm@layouthoffset=\dimen112
\Gm@layoutvoffset=\dimen113
\Gm@dimlist=\toks18

("/Users/omidkarimpour/Library/Application Support/MiKTeX/texmfs/install/tex/la
tex/geometry/geometry.cfg"))
("/Users/omidkarimpour/Library/Application Support/MiKTeX/texmfs/install/tex/la
tex/fancyhdr/fancyhdr.sty"
Package: fancyhdr 2019/01/31 v3.10 Extensive control of page headers and footers

\f@nch@headwidth=\skip60
\f@nch@O@elh=\skip61
\f@nch@O@erh=\skip62
\f@nch@O@olh=\skip63
\f@nch@O@orh=\skip64
\f@nch@O@elf=\skip65
\f@nch@O@erf=\skip66
\f@nch@O@olf=\skip67
\f@nch@O@orf=\skip68
)
("/Users/omidkarimpour/Library/Application Support/MiKTeX/texmfs/install/tex/la
tex/xcolor/xcolor.sty"
Package: xcolor 2016/05/11 v2.12 LaTeX color extensions (UK)

("/Users/omidkarimpour/Library/Application Support/MiKTeX/texmfs/install/tex/la
tex/graphics-cfg/color.cfg"
File: color.cfg 2016/01/02 v1.6 sample color configuration
)
Package xcolor Info: Driver file: luatex.def on input line 225.

("/Users/omidkarimpour/Library/Application Support/MiKTeX/texmfs/install/tex/la
tex/graphics-def/luatex.def"
File: luatex.def 2018/01/08 v1.0l Graphics/color driver for luatex
)
Package xcolor Info: Model `cmy' substituted by `cmy0' on input line 1348.
Package xcolor Info: Model `hsb' substituted by `rgb' on input line 1352.
Package xcolor Info: Model `RGB' extended on input line 1364.
Package xcolor Info: Model `HTML' substituted by `rgb' on input line 1366.
Package xcolor Info: Model `Hsb' substituted by `hsb' on input line 1367.
Package xcolor Info: Model `tHsb' substituted by `hsb' on input line 1368.
Package xcolor Info: Model `HSB' substituted by `hsb' on input line 1369.
Package xcolor Info: Model `Gray' substituted by `gray' on input line 1370.
Package xcolor Info: Model `wave' substituted by `hsb' on input line 1371.
)
("/Users/omidkarimpour/Library/Application Support/MiKTeX/texmfs/install/tex/la
tex/xifthen/xifthen.sty"
Package: xifthen 2015/11/05 v1.4.0 Extended ifthen features

("/Users/omidkarimpour/Library/Application Support/MiKTeX/texmfs/install/tex/la
tex/tools/calc.sty"
Package: calc 2017/05/25 v4.3 Infix arithmetic (KKT,FJ)
\calc@Acount=\count93
\calc@Bcount=\count94
\calc@Adimen=\dimen114
\calc@Bdimen=\dimen115
\calc@Askip=\skip69
\calc@Bskip=\skip70
LaTeX Info: Redefining \setlength on input line 80.
LaTeX Info: Redefining \addtolength on input line 81.
\calc@Ccount=\count95
\calc@Cskip=\skip71
)
("/Users/omidkarimpour/Library/Application Support/MiKTeX/texmfs/install/tex/la
tex/base/ifthen.sty"
Package: ifthen 2014/09/29 v1.1c Standard LaTeX ifthen package (DPC)
)
("/Users/omidkarimpour/Library/Application Support/MiKTeX/texmfs/install/tex/la
tex/ifmtarg/ifmtarg.sty"
Package: ifmtarg 2018/04/16 v1.2b check for an empty argument
))
("/Users/omidkarimpour/Library/Application Support/MiKTeX/texmfs/install/tex/la
tex/etoolbox/etoolbox.sty"
Package: etoolbox 2018/08/19 v2.5f e-TeX tools for LaTeX (JAW)
\etb@tempcnta=\count96
)
("/Users/omidkarimpour/Library/Application Support/MiKTeX/texmfs/install/tex/la
tex/setspace/setspace.sty"
Package: setspace 2011/12/19 v6.7a set line spacing
)
("/Users/omidkarimpour/Library/Application Support/MiKTeX/texmfs/install/tex/la
tex/fontspec/fontspec.sty"
("/Users/omidkarimpour/Library/Application Support/MiKTeX/texmfs/install/tex/la
tex/l3packages/xparse/xparse.sty"
("/Users/omidkarimpour/Library/Application Support/MiKTeX/texmfs/install/tex/la
tex/l3kernel/expl3.sty"
Package: expl3 2019-08-14 L3 programming layer (loader) 

("/Users/omidkarimpour/Library/Application Support/MiKTeX/texmfs/install/tex/la
tex/l3kernel/expl3-code.tex"
Package: expl3 2019-08-14 L3 programming layer (code)
\ucharcat@table=\catcodetable5
\c_max_int=\count97
\l_tmpa_int=\count98
\l_tmpb_int=\count99
\g_tmpa_int=\count100
\g_tmpb_int=\count101
\g__kernel_prg_map_int=\count102
\c__ior_term_noprompt_ior=\count103
\c_log_iow=\count104
\l_iow_line_count_int=\count105
\l__iow_line_target_int=\count106
\l__iow_one_indent_int=\count107
\l__iow_indent_int=\count108
\c_zero_dim=\dimen116
\c_max_dim=\dimen117
\l_tmpa_dim=\dimen118
\l_tmpb_dim=\dimen119
\g_tmpa_dim=\dimen120
\g_tmpb_dim=\dimen121
\c_zero_skip=\skip72
\c_max_skip=\skip73
\l_tmpa_skip=\skip74
\l_tmpb_skip=\skip75
\g_tmpa_skip=\skip76
\g_tmpb_skip=\skip77
\c_zero_muskip=\muskip10
\c_max_muskip=\muskip11
\l_tmpa_muskip=\muskip12
\l_tmpb_muskip=\muskip13
\g_tmpa_muskip=\muskip14
\g_tmpb_muskip=\muskip15
\l_keys_choice_int=\count109
\l__intarray_loop_int=\count110
\c__intarray_sp_dim=\dimen122
\g__intarray_font_int=\count111
\c__fp_leading_shift_int=\count112
\c__fp_middle_shift_int=\count113
\c__fp_trailing_shift_int=\count114
\c__fp_big_leading_shift_int=\count115
\c__fp_big_middle_shift_int=\count116
\c__fp_big_trailing_shift_int=\count117
\c__fp_Bigg_leading_shift_int=\count118
\c__fp_Bigg_middle_shift_int=\count119
\c__fp_Bigg_trailing_shift_int=\count120
\g__fp_array_int=\count121
\l__fp_array_loop_int=\count122
\l__sort_length_int=\count123
\l__sort_min_int=\count124
\l__sort_top_int=\count125
\l__sort_max_int=\count126
\l__sort_true_max_int=\count127
\l__sort_block_int=\count128
\l__sort_begin_int=\count129
\l__sort_end_int=\count130
\l__sort_A_int=\count131
\l__sort_B_int=\count132
\l__sort_C_int=\count133
\l__str_internal_int=\count134
\l__tl_analysis_normal_int=\count135
\l__tl_analysis_index_int=\count136
\l__tl_analysis_nesting_int=\count137
\l__tl_analysis_type_int=\count138
\l__regex_internal_a_int=\count139
\l__regex_internal_b_int=\count140
\l__regex_internal_c_int=\count141
\l__regex_balance_int=\count142
\l__regex_group_level_int=\count143
\l__regex_mode_int=\count144
\c__regex_cs_in_class_mode_int=\count145
\c__regex_cs_mode_int=\count146
\l__regex_catcodes_int=\count147
\l__regex_default_catcodes_int=\count148
\c__regex_catcode_L_int=\count149
\c__regex_catcode_O_int=\count150
\c__regex_catcode_A_int=\count151
\c__regex_all_catcodes_int=\count152
\l__regex_show_lines_int=\count153
\l__regex_min_state_int=\count154
\l__regex_max_state_int=\count155
\l__regex_left_state_int=\count156
\l__regex_right_state_int=\count157
\l__regex_capturing_group_int=\count158
\l__regex_min_pos_int=\count159
\l__regex_max_pos_int=\count160
\l__regex_curr_pos_int=\count161
\l__regex_start_pos_int=\count162
\l__regex_success_pos_int=\count163
\l__regex_curr_char_int=\count164
\l__regex_curr_catcode_int=\count165
\l__regex_last_char_int=\count166
\l__regex_case_changed_char_int=\count167
\l__regex_curr_state_int=\count168
\l__regex_step_int=\count169
\l__regex_min_active_int=\count170
\l__regex_max_active_int=\count171
\l__regex_replacement_csnames_int=\count172
\l__regex_match_count_int=\count173
\l__regex_min_submatch_int=\count174
\l__regex_submatch_int=\count175
\l__regex_zeroth_submatch_int=\count176
\g__regex_trace_regex_int=\count177
\c_empty_box=\box30
\l_tmpa_box=\box31
\l_tmpb_box=\box32
\g_tmpa_box=\box33
\g_tmpb_box=\box34
\l__box_top_dim=\dimen123
\l__box_bottom_dim=\dimen124
\l__box_left_dim=\dimen125
\l__box_right_dim=\dimen126
\l__box_top_new_dim=\dimen127
\l__box_bottom_new_dim=\dimen128
\l__box_left_new_dim=\dimen129
\l__box_right_new_dim=\dimen130
\l__box_internal_box=\box35
\l__coffin_internal_box=\box36
\l__coffin_internal_dim=\dimen131
\l__coffin_offset_x_dim=\dimen132
\l__coffin_offset_y_dim=\dimen133
\l__coffin_x_dim=\dimen134
\l__coffin_y_dim=\dimen135
\l__coffin_x_prime_dim=\dimen136
\l__coffin_y_prime_dim=\dimen137
\c_empty_coffin=\box37
\l__coffin_aligned_coffin=\box38
\l__coffin_aligned_internal_coffin=\box39
\l_tmpa_coffin=\box40
\l_tmpb_coffin=\box41
\g_tmpa_coffin=\box42
\g_tmpb_coffin=\box43
\l__coffin_bounding_shift_dim=\dimen138
\l__coffin_left_corner_dim=\dimen139
\l__coffin_right_corner_dim=\dimen140
\l__coffin_bottom_corner_dim=\dimen141
\l__coffin_top_corner_dim=\dimen142
\l__coffin_scaled_total_height_dim=\dimen143
\l__coffin_scaled_width_dim=\dimen144
\c__coffin_empty_coffin=\box44
\l__coffin_display_coffin=\box45
\l__coffin_display_coord_coffin=\box46
\l__coffin_display_pole_coffin=\box47
\l__coffin_display_offset_dim=\dimen145
\l__coffin_display_x_dim=\dimen146
\l__coffin_display_y_dim=\dimen147
\g__file_internal_ior=\read1
\l__seq_internal_a_int=\count178
\l__seq_internal_b_int=\count179
)

! LaTeX Error: File `l3backend-pdfmode.def' not found.

Type X to quit or <RETURN> to proceed,
or enter new name. (Default extension: def)

Enter file name: 
! Emergency stop.
<read *> 
   
l.282   }
        
*** (cannot \read from terminal in nonstop modes)



Here is how much of LuaTeX's memory you used:
 11670 strings out of 494305
 100000,266212 words of node,token memory allocated 467 words of node memory still in use:
   2 hlist, 1 rule, 1 dir, 3 kern, 1 glyph, 5 attribute, 64 glue_spec, 5 attribu
te_list, 1 write, 1 pdf_colorstack nodes
   avail lists: 2:9,3:3,5:2,7:3,9:2
 15805 multiletter control sequences out of 65536+200000
 25 fonts using 5550167 bytes
 54i,0n,67p,865b,446s stack positions out of 5000i,500n,10000p,200000b,50000s
!  ==> Fatal error occurred, no output PDF file produced!
